Using pre-set license
Built from '2020.3/staging' branch; Version is '2020.3.10f1 (297d780c91bc) revision 2719096'; Using compiler version '192528614'; Build Type 'Release'
OS: 'Windows 10 Pro; OS build 19043.1266; Version 2009; 64bit' Language: 'ru' Physical Memory: 16315 MB
BatchMode: 1, IsHumanControllingUs: 0, StartBugReporterOnCrash: 0, Is64bit: 1, IsPro: 0

 COMMAND LINE ARGUMENTS:
E:\unity\2020.3.10f1\Editor\Unity.exe
-adb2
-batchMode
-noUpm
-name
AssetImportWorker0
-projectPath
E:/repository/Unity/3D Game Dev/WarmUp/WarmUp
-logFile
Logs/AssetImportWorker0.log
-srvPort
53121
Successfully changed project path to: E:/repository/Unity/3D Game Dev/WarmUp/WarmUp
E:/repository/Unity/3D Game Dev/WarmUp/WarmUp
Using Asset Import Pipeline V2.
Refreshing native plugins compatible for Editor in 43.86 ms, found 3 plugins.
Preloading 0 native plugins for Editor in 0.00 ms.
Initialize engine version: 2020.3.10f1 (297d780c91bc)
[Subsystems] Discovering subsystems at path E:/unity/2020.3.10f1/Editor/Data/Resources/UnitySubsystems
[Subsystems] Discovering subsystems at path E:/repository/Unity/3D Game Dev/WarmUp/WarmUp/Assets
GfxDevice: creating device client; threaded=0
Direct3D:
    Version:  Direct3D 11.0 [level 11.1]
    Renderer: NVIDIA GeForce GTX 1060 3GB (ID=0x1c02)
    Vendor:   
    VRAM:     2988 MB
    Driver:   27.21.14.6677
Initialize mono
Mono path[0] = 'E:/unity/2020.3.10f1/Editor/Data/Managed'
Mono path[1] = 'E:/unity/2020.3.10f1/Editor/Data/MonoBleedingEdge/lib/mono/unityjit'
Mono config path = 'E:/unity/2020.3.10f1/Editor/Data/MonoBleedingEdge/etc'
Using monoOptions --debugger-agent=transport=dt_socket,embedding=1,server=y,suspend=n,address=127.0.0.1:56852
Begin MonoManager ReloadAssembly
Registering precompiled unity dll's ...
Register platform support module: E:/unity/2020.3.10f1/Editor/Data/PlaybackEngines/WindowsStandaloneSupport/UnityEditor.WindowsStandalone.Extensions.dll
Registered in 0.001262 seconds.
Native extension for WindowsStandalone target not found
Refreshing native plugins compatible for Editor in 43.73 ms, found 3 plugins.
Preloading 0 native plugins for Editor in 0.00 ms.
Mono: successfully reloaded assembly
- Completed reload, in  1.745 seconds
Platform modules already initialized, skipping
Registering precompiled user dll's ...
Registered in 0.003348 seconds.
Begin MonoManager ReloadAssembly
Native extension for WindowsStandalone target not found
Refreshing native plugins compatible for Editor in 43.61 ms, found 3 plugins.
Preloading 0 native plugins for Editor in 0.00 ms.
Mono: successfully reloaded assembly
- Completed reload, in  1.195 seconds
Platform modules already initialized, skipping
========================================================================
Worker process is ready to serve import requests
Launched and connected shader compiler UnityShaderCompiler.exe after 0.05 seconds
Refreshing native plugins compatible for Editor in 0.48 ms, found 3 plugins.
Preloading 0 native plugins for Editor in 0.00 ms.
Unloading 2114 Unused Serialized files (Serialized files now loaded: 0)
System memory in use before: 93.5 MB.
System memory in use after: 93.5 MB.

Unloading 33 unused Assets to reduce memory usage. Loaded Objects now: 2547.
Total: 2.509100 ms (FindLiveObjects: 0.210600 ms CreateObjectMapping: 0.051700 ms MarkObjects: 2.106000 ms  DeleteObjects: 0.140000 ms)

========================================================================
Received Import Request.
  path: Assets/Scripts/Controller
  artifactKey: Guid(ab78361808996ae4ab39bd2cd26ab83c) Importer(815301076,1909f56bfc062723c751e8b465ee728b)
Start importing Assets/Scripts/Controller using Guid(ab78361808996ae4ab39bd2cd26ab83c) Importer(815301076,1909f56bfc062723c751e8b465ee728b)  -> (artifact id: 'f1c62fe56bafb2811ff0406e88d36562') in 0.044160 seconds
  Import took 0.047428 seconds .

========================================================================
Received Import Request.
  Time since last request: 8.836215 seconds.
  path: Assets/Scripts/Controller/InputController.cs
  artifactKey: Guid(bcf854443bbd43e408a3a446d79c09ca) Importer(815301076,1909f56bfc062723c751e8b465ee728b)
Start importing Assets/Scripts/Controller/InputController.cs using Guid(bcf854443bbd43e408a3a446d79c09ca) Importer(815301076,1909f56bfc062723c751e8b465ee728b)  -> (artifact id: '3f7d6901265030a4740724a2d629b041') in 0.055584 seconds
  Import took 0.058881 seconds .

========================================================================
Received Import Request.
  Time since last request: 5.069837 seconds.
  path: Assets/Scripts/Controller/MovementLogic.cs
  artifactKey: Guid(b3ab70219540fe44ca43886b6ce50b57) Importer(815301076,1909f56bfc062723c751e8b465ee728b)
Start importing Assets/Scripts/Controller/MovementLogic.cs using Guid(b3ab70219540fe44ca43886b6ce50b57) Importer(815301076,1909f56bfc062723c751e8b465ee728b)  -> (artifact id: '899f7bc1575d6d584b28c71706f63eaf') in 0.045398 seconds
  Import took 0.048637 seconds .

========================================================================
Received Import Request.
  Time since last request: 702.211537 seconds.
  path: Assets/Scripts/Controller/MovementLogic.cs
  artifactKey: Guid(b3ab70219540fe44ca43886b6ce50b57) Importer(815301076,1909f56bfc062723c751e8b465ee728b)
Start importing Assets/Scripts/Controller/MovementLogic.cs using Guid(b3ab70219540fe44ca43886b6ce50b57) Importer(815301076,1909f56bfc062723c751e8b465ee728b)  -> (artifact id: 'b6e6752df2bb60e35200a15bb4e3f35a') in 0.033125 seconds
  Import took 0.036685 seconds .

========================================================================
Received Import Request.
  Time since last request: 236.379255 seconds.
  path: Assets/Scripts/Controller/MovementLogic.cs
  artifactKey: Guid(b3ab70219540fe44ca43886b6ce50b57) Importer(815301076,1909f56bfc062723c751e8b465ee728b)
Start importing Assets/Scripts/Controller/MovementLogic.cs using Guid(b3ab70219540fe44ca43886b6ce50b57) Importer(815301076,1909f56bfc062723c751e8b465ee728b)  -> (artifact id: '2d03d69ed7cf2527284472f5dc227c28') in 0.026162 seconds
  Import took 0.029717 seconds .

========================================================================
Received Prepare
Registering precompiled user dll's ...
Registered in 0.003787 seconds.
Begin MonoManager ReloadAssembly
Native extension for WindowsStandalone target not found
Refreshing native plugins compatible for Editor in 0.51 ms, found 3 plugins.
Preloading 0 native plugins for Editor in 0.00 ms.
Mono: successfully reloaded assembly
- Completed reload, in  1.155 seconds
Platform modules already initialized, skipping
Refreshing native plugins compatible for Editor in 0.73 ms, found 3 plugins.
Preloading 0 native plugins for Editor in 0.00 ms.
Unloading 2109 Unused Serialized files (Serialized files now loaded: 0)
System memory in use before: 93.5 MB.
System memory in use after: 93.5 MB.

Unloading 21 unused Assets to reduce memory usage. Loaded Objects now: 2551.
Total: 3.435000 ms (FindLiveObjects: 0.219400 ms CreateObjectMapping: 0.051900 ms MarkObjects: 2.989900 ms  DeleteObjects: 0.172000 ms)

========================================================================
Received Prepare
Registering precompiled user dll's ...
Registered in 0.003593 seconds.
Begin MonoManager ReloadAssembly
Native extension for WindowsStandalone target not found
Refreshing native plugins compatible for Editor in 1.15 ms, found 3 plugins.
Preloading 0 native plugins for Editor in 0.00 ms.
Mono: successfully reloaded assembly
- Completed reload, in  1.099 seconds
Platform modules already initialized, skipping
Refreshing native plugins compatible for Editor in 0.51 ms, found 3 plugins.
Preloading 0 native plugins for Editor in 0.00 ms.
Unloading 2109 Unused Serialized files (Serialized files now loaded: 0)
System memory in use before: 93.5 MB.
System memory in use after: 93.5 MB.

Unloading 21 unused Assets to reduce memory usage. Loaded Objects now: 2555.
Total: 2.402100 ms (FindLiveObjects: 0.214000 ms CreateObjectMapping: 0.051600 ms MarkObjects: 2.018900 ms  DeleteObjects: 0.116000 ms)

========================================================================
Received Import Request.
  Time since last request: 128.450576 seconds.
  path: Assets/Scripts/Controller/MovementLogic.cs
  artifactKey: Guid(b3ab70219540fe44ca43886b6ce50b57) Importer(815301076,1909f56bfc062723c751e8b465ee728b)
Start importing Assets/Scripts/Controller/MovementLogic.cs using Guid(b3ab70219540fe44ca43886b6ce50b57) Importer(815301076,1909f56bfc062723c751e8b465ee728b)  -> (artifact id: '0ba65140bda37e20c8318c6ebb360538') in 0.029392 seconds
  Import took 0.032639 seconds .

========================================================================
Received Prepare
Registering precompiled user dll's ...
Registered in 0.003764 seconds.
Begin MonoManager ReloadAssembly
Native extension for WindowsStandalone target not found
Refreshing native plugins compatible for Editor in 0.60 ms, found 3 plugins.
Preloading 0 native plugins for Editor in 0.00 ms.
Mono: successfully reloaded assembly
- Completed reload, in  1.117 seconds
Platform modules already initialized, skipping
Refreshing native plugins compatible for Editor in 0.50 ms, found 3 plugins.
Preloading 0 native plugins for Editor in 0.00 ms.
Unloading 2109 Unused Serialized files (Serialized files now loaded: 0)
System memory in use before: 93.6 MB.
System memory in use after: 93.6 MB.

Unloading 21 unused Assets to reduce memory usage. Loaded Objects now: 2559.
Total: 2.369800 ms (FindLiveObjects: 0.211700 ms CreateObjectMapping: 0.052500 ms MarkObjects: 1.987600 ms  DeleteObjects: 0.116300 ms)

========================================================================
Received Import Request.
  Time since last request: 10.463656 seconds.
  path: Assets/Scripts/Controller/MovementLogic.cs
  artifactKey: Guid(b3ab70219540fe44ca43886b6ce50b57) Importer(815301076,1909f56bfc062723c751e8b465ee728b)
Start importing Assets/Scripts/Controller/MovementLogic.cs using Guid(b3ab70219540fe44ca43886b6ce50b57) Importer(815301076,1909f56bfc062723c751e8b465ee728b)  -> (artifact id: 'fbcb59b54805897ea63b30e892ac64b5') in 0.028558 seconds
  Import took 0.031729 seconds .

========================================================================
Received Prepare
Registering precompiled user dll's ...
Registered in 0.003485 seconds.
Begin MonoManager ReloadAssembly
Native extension for WindowsStandalone target not found
Refreshing native plugins compatible for Editor in 0.68 ms, found 3 plugins.
Preloading 0 native plugins for Editor in 0.00 ms.
Mono: successfully reloaded assembly
- Completed reload, in  1.124 seconds
Platform modules already initialized, skipping
Refreshing native plugins compatible for Editor in 0.50 ms, found 3 plugins.
Preloading 0 native plugins for Editor in 0.00 ms.
Unloading 2109 Unused Serialized files (Serialized files now loaded: 0)
System memory in use before: 93.6 MB.
System memory in use after: 93.6 MB.

Unloading 21 unused Assets to reduce memory usage. Loaded Objects now: 2563.
Total: 2.654600 ms (FindLiveObjects: 0.226100 ms CreateObjectMapping: 0.062300 ms MarkObjects: 2.234800 ms  DeleteObjects: 0.129400 ms)

========================================================================
Received Import Request.
  Time since last request: 255.732299 seconds.
  path: Assets/Scripts/Controller/MovementLogic.cs
  artifactKey: Guid(b3ab70219540fe44ca43886b6ce50b57) Importer(815301076,1909f56bfc062723c751e8b465ee728b)
Start importing Assets/Scripts/Controller/MovementLogic.cs using Guid(b3ab70219540fe44ca43886b6ce50b57) Importer(815301076,1909f56bfc062723c751e8b465ee728b)  -> (artifact id: 'bd915d71be515bd7cb15e1a13b766be4') in 0.028983 seconds
  Import took 0.032310 seconds .

========================================================================
Received Import Request.
  Time since last request: 9.680699 seconds.
  path: Assets/Resources/Data.asset
  artifactKey: Guid(067a7f3d6fce7904693a5cace08f0d13) Importer(815301076,1909f56bfc062723c751e8b465ee728b)
Start importing Assets/Resources/Data.asset using Guid(067a7f3d6fce7904693a5cace08f0d13) Importer(815301076,1909f56bfc062723c751e8b465ee728b)  -> (artifact id: 'ebf9a3d95844af9185d8d1d19139ba7d') in 0.045006 seconds
  Import took 0.048596 seconds .

========================================================================
Received Import Request.
  Time since last request: 0.946692 seconds.
  path: Assets/Resources/LevelData.asset
  artifactKey: Guid(fafd7f03cd0269547987a6da4efd6a5c) Importer(815301076,1909f56bfc062723c751e8b465ee728b)
Start importing Assets/Resources/LevelData.asset using Guid(fafd7f03cd0269547987a6da4efd6a5c) Importer(815301076,1909f56bfc062723c751e8b465ee728b)  -> (artifact id: '0252778bd3c0568a7891c7f317500d3c') in 0.042700 seconds
  Import took 0.046019 seconds .

========================================================================
Received Import Request.
  Time since last request: 3.096425 seconds.
  path: Assets/Resources/PlayerData.asset
  artifactKey: Guid(bebaf27eef85e424cafff681428a3c03) Importer(815301076,1909f56bfc062723c751e8b465ee728b)
Start importing Assets/Resources/PlayerData.asset using Guid(bebaf27eef85e424cafff681428a3c03) Importer(815301076,1909f56bfc062723c751e8b465ee728b)  -> (artifact id: 'cc7784ee6eecf3c412af5a63e7d4d481') in 0.027979 seconds
  Import took 0.031379 seconds .

========================================================================
Received Import Request.
  Time since last request: 5.814787 seconds.
  path: Assets/Resources/PlayerData.asset
  artifactKey: Guid(bebaf27eef85e424cafff681428a3c03) Importer(815301076,1909f56bfc062723c751e8b465ee728b)
Start importing Assets/Resources/PlayerData.asset using Guid(bebaf27eef85e424cafff681428a3c03) Importer(815301076,1909f56bfc062723c751e8b465ee728b)  -> (artifact id: 'da13ca0504324d47981faacd544dcd58') in 0.026699 seconds
  Import took 0.030131 seconds .

========================================================================
Received Prepare
Registering precompiled user dll's ...
Registered in 0.003705 seconds.
Begin MonoManager ReloadAssembly
Native extension for WindowsStandalone target not found
Refreshing native plugins compatible for Editor in 0.50 ms, found 3 plugins.
Preloading 0 native plugins for Editor in 0.00 ms.
Mono: successfully reloaded assembly
- Completed reload, in  1.097 seconds
Platform modules already initialized, skipping
Refreshing native plugins compatible for Editor in 0.73 ms, found 3 plugins.
Preloading 0 native plugins for Editor in 0.00 ms.
Unloading 2109 Unused Serialized files (Serialized files now loaded: 0)
System memory in use before: 93.6 MB.
System memory in use after: 93.6 MB.

Unloading 21 unused Assets to reduce memory usage. Loaded Objects now: 2567.
Total: 2.398200 ms (FindLiveObjects: 0.219500 ms CreateObjectMapping: 0.052900 ms MarkObjects: 2.006700 ms  DeleteObjects: 0.117800 ms)

========================================================================
Received Import Request.
  Time since last request: 48.883533 seconds.
  path: Assets/Resources/PlayerData.asset
  artifactKey: Guid(bebaf27eef85e424cafff681428a3c03) Importer(815301076,1909f56bfc062723c751e8b465ee728b)
Start importing Assets/Resources/PlayerData.asset using Guid(bebaf27eef85e424cafff681428a3c03) Importer(815301076,1909f56bfc062723c751e8b465ee728b)  -> (artifact id: '78bff95d1b63f86c442b31cd74f034e3') in 0.043535 seconds
  Import took 0.046764 seconds .

========================================================================
Received Prepare
Registering precompiled user dll's ...
Registered in 0.003644 seconds.
Begin MonoManager ReloadAssembly
Native extension for WindowsStandalone target not found
Refreshing native plugins compatible for Editor in 0.50 ms, found 3 plugins.
Preloading 0 native plugins for Editor in 0.00 ms.
Mono: successfully reloaded assembly
- Completed reload, in  1.110 seconds
Platform modules already initialized, skipping
Refreshing native plugins compatible for Editor in 0.53 ms, found 3 plugins.
Preloading 0 native plugins for Editor in 0.00 ms.
Unloading 2109 Unused Serialized files (Serialized files now loaded: 0)
System memory in use before: 93.6 MB.
System memory in use after: 93.6 MB.

Unloading 21 unused Assets to reduce memory usage. Loaded Objects now: 2571.
Total: 2.351300 ms (FindLiveObjects: 0.212300 ms CreateObjectMapping: 0.055000 ms MarkObjects: 1.965000 ms  DeleteObjects: 0.117700 ms)

========================================================================
Received Prepare
Registering precompiled user dll's ...
Registered in 0.003465 seconds.
Begin MonoManager ReloadAssembly
Native extension for WindowsStandalone target not found
Refreshing native plugins compatible for Editor in 0.50 ms, found 3 plugins.
Preloading 0 native plugins for Editor in 0.00 ms.
Mono: successfully reloaded assembly
- Completed reload, in  1.081 seconds
Platform modules already initialized, skipping
Refreshing native plugins compatible for Editor in 0.50 ms, found 3 plugins.
Preloading 0 native plugins for Editor in 0.00 ms.
Unloading 2109 Unused Serialized files (Serialized files now loaded: 0)
System memory in use before: 93.6 MB.
System memory in use after: 93.6 MB.

Unloading 21 unused Assets to reduce memory usage. Loaded Objects now: 2575.
Total: 2.366000 ms (FindLiveObjects: 0.210700 ms CreateObjectMapping: 0.055100 ms MarkObjects: 1.979400 ms  DeleteObjects: 0.119500 ms)

========================================================================
Received Prepare
Registering precompiled user dll's ...
Registered in 0.003385 seconds.
Begin MonoManager ReloadAssembly
Native extension for WindowsStandalone target not found
Refreshing native plugins compatible for Editor in 0.51 ms, found 3 plugins.
Preloading 0 native plugins for Editor in 0.00 ms.
Mono: successfully reloaded assembly
- Completed reload, in  1.079 seconds
Platform modules already initialized, skipping
Refreshing native plugins compatible for Editor in 0.51 ms, found 3 plugins.
Preloading 0 native plugins for Editor in 0.00 ms.
Unloading 2109 Unused Serialized files (Serialized files now loaded: 0)
System memory in use before: 93.6 MB.
System memory in use after: 93.6 MB.

Unloading 21 unused Assets to reduce memory usage. Loaded Objects now: 2579.
Total: 2.374200 ms (FindLiveObjects: 0.210100 ms CreateObjectMapping: 0.053200 ms MarkObjects: 1.993100 ms  DeleteObjects: 0.116500 ms)

========================================================================
Received Import Request.
  Time since last request: 1187.848688 seconds.
  path: Assets/Prefabs
  artifactKey: Guid(820c421c5edb86c4eb8e3f7dfb0329ec) Importer(815301076,1909f56bfc062723c751e8b465ee728b)
Start importing Assets/Prefabs using Guid(820c421c5edb86c4eb8e3f7dfb0329ec) Importer(815301076,1909f56bfc062723c751e8b465ee728b)  -> (artifact id: '5cd77a676c39f86047a9a89410a04de4') in 0.030573 seconds
  Import took 0.034481 seconds .

========================================================================
Received Prepare
Registering precompiled user dll's ...
Registered in 0.003342 seconds.
Begin MonoManager ReloadAssembly
Native extension for WindowsStandalone target not found
Refreshing native plugins compatible for Editor in 0.78 ms, found 3 plugins.
Preloading 0 native plugins for Editor in 0.00 ms.
Mono: successfully reloaded assembly
- Completed reload, in  1.124 seconds
Platform modules already initialized, skipping
Refreshing native plugins compatible for Editor in 0.55 ms, found 3 plugins.
Preloading 0 native plugins for Editor in 0.00 ms.
Unloading 2109 Unused Serialized files (Serialized files now loaded: 0)
System memory in use before: 93.6 MB.
System memory in use after: 93.6 MB.

Unloading 21 unused Assets to reduce memory usage. Loaded Objects now: 2583.
Total: 3.156700 ms (FindLiveObjects: 0.347600 ms CreateObjectMapping: 0.072800 ms MarkObjects: 2.580900 ms  DeleteObjects: 0.153300 ms)

========================================================================
Received Import Request.
  Time since last request: 277.644836 seconds.
  path: Assets/Prefabs/EndGameScreen.prefab
  artifactKey: Guid(023bb70035dc50d4b9d58fdd03bb7535) Importer(815301076,1909f56bfc062723c751e8b465ee728b)
Start importing Assets/Prefabs/EndGameScreen.prefab using Guid(023bb70035dc50d4b9d58fdd03bb7535) Importer(815301076,1909f56bfc062723c751e8b465ee728b)  -> (artifact id: '207fd43be36378bf90ba3ae4daba9a3a') in 0.119027 seconds
  Import took 0.122894 seconds .

========================================================================
Received Prepare
Registering precompiled user dll's ...
Registered in 0.004141 seconds.
Begin MonoManager ReloadAssembly
Native extension for WindowsStandalone target not found
Refreshing native plugins compatible for Editor in 0.52 ms, found 3 plugins.
Preloading 0 native plugins for Editor in 0.00 ms.
Mono: successfully reloaded assembly
- Completed reload, in  1.057 seconds
Platform modules already initialized, skipping
Refreshing native plugins compatible for Editor in 0.50 ms, found 3 plugins.
Preloading 0 native plugins for Editor in 0.00 ms.
Unloading 2123 Unused Serialized files (Serialized files now loaded: 0)
System memory in use before: 95.7 MB.
System memory in use after: 95.0 MB.

Unloading 34 unused Assets to reduce memory usage. Loaded Objects now: 2588.
Total: 2.685600 ms (FindLiveObjects: 0.214600 ms CreateObjectMapping: 0.052900 ms MarkObjects: 2.024200 ms  DeleteObjects: 0.392800 ms)

AssetImportWorkerClient::OnTransportError - code=2 error=End of file
